CallRecorder/app/build/intermediates/manifest_merge_blame_file/release/processReleaseMainManifest/manifest-merger-blame-release-report.txt
1<?xml version="1.0" encoding="utf-8"?>
2<manifest xmlns:android="http://schemas.android.com/apk/res/android"
3    package="com.callrecorder"
4    android:versionCode="6"
5    android:versionName="1.5" >
6
7    <uses-sdk
8        android:minSdkVersion="26"
9        android:targetSdkVersion="35" />
10
11    <!-- ── Network (CRM sync) ────────────────────────────────────────────── -->
12    <uses-permission android:name="android.permission.INTERNET" />
12-->src/main/AndroidManifest.xml:5:5-67
12-->src/main/AndroidManifest.xml:5:22-64
13
14    <!-- ── Overlay (recording badge shown over other apps) ───────────────── -->
15    <uses-permission android:name="android.permission.SYSTEM_ALERT_WINDOW" />
15-->src/main/AndroidManifest.xml:8:5-78
15-->src/main/AndroidManifest.xml:8:22-75
16
17    <!--
18        Needed to request battery-optimization exemption.
19        Without this, Samsung/MIUI puts the app to sleep, which greys out the
20        overlay (popup windows) toggle in Special App Access settings.
21    -->
22    <uses-permission android:name="android.permission.REQUEST_IGNORE_BATTERY_OPTIMIZATIONS" />
22-->src/main/AndroidManifest.xml:15:5-95
22-->src/main/AndroidManifest.xml:15:22-92
23
24    <!-- ── Core permissions ──────────────────────────────────────────────── -->
25    <uses-permission android:name="android.permission.RECORD_AUDIO" />
25-->src/main/AndroidManifest.xml:18:5-71
25-->src/main/AndroidManifest.xml:18:22-68
26    <uses-permission android:name="android.permission.READ_PHONE_STATE" />
26-->src/main/AndroidManifest.xml:19:5-75
26-->src/main/AndroidManifest.xml:19:22-72
27    <uses-permission android:name="android.permission.READ_CALL_LOG" />
27-->src/main/AndroidManifest.xml:20:5-72
27-->src/main/AndroidManifest.xml:20:22-69
28    <uses-permission android:name="android.permission.PROCESS_OUTGOING_CALLS" />
28-->src/main/AndroidManifest.xml:21:5-81
28-->src/main/AndroidManifest.xml:21:22-78
29    <uses-permission android:name="android.permission.FOREGROUND_SERVICE" />
29-->src/main/AndroidManifest.xml:22:5-77
29-->src/main/AndroidManifest.xml:22:22-74
30    <uses-permission android:name="android.permission.FOREGROUND_SERVICE_MICROPHONE" />
30-->src/main/AndroidManifest.xml:23:5-88
30-->src/main/AndroidManifest.xml:23:22-85
31    <uses-permission android:name="android.permission.RECEIVE_BOOT_COMPLETED" />
31-->src/main/AndroidManifest.xml:24:5-81
31-->src/main/AndroidManifest.xml:24:22-78
32    <uses-permission android:name="android.permission.POST_NOTIFICATIONS" />
32-->src/main/AndroidManifest.xml:25:5-77
32-->src/main/AndroidManifest.xml:25:22-74
33    <uses-permission android:name="android.permission.VIBRATE" />
33-->src/main/AndroidManifest.xml:26:5-66
33-->src/main/AndroidManifest.xml:26:22-63
34    <uses-permission android:name="android.permission.CALL_PHONE" />
34-->src/main/AndroidManifest.xml:27:5-69
34-->src/main/AndroidManifest.xml:27:22-66
35
36    <!-- ── InCallService / Companion permissions ──────────────────────────── -->
37    <uses-permission android:name="android.permission.MANAGE_OWN_CALLS" />
37-->src/main/AndroidManifest.xml:30:5-75
37-->src/main/AndroidManifest.xml:30:22-72
38
39    <!--
40        CALL_COMPANION_APP (API 29+): Lets the app act as a Call Companion —
41        receives InCallService events WITHOUT being the default dialer.
42        This is the recommended mode: the phone app handles call UI normally,
43        and our InCallService quietly records.
44    -->
45    <uses-permission android:name="android.permission.CALL_COMPANION_APP" />
45-->src/main/AndroidManifest.xml:38:5-77
45-->src/main/AndroidManifest.xml:38:22-74
46
47    <!-- ── Contacts ──────────────────────────────────────────────────────────── -->
48    <uses-permission android:name="android.permission.READ_CONTACTS" />
48-->src/main/AndroidManifest.xml:41:5-72
48-->src/main/AndroidManifest.xml:41:22-69
49
50    <!-- ── Storage (Android ≤ 9 only) ────────────────────────────────────── -->
51    <uses-permission
51-->src/main/AndroidManifest.xml:44:5-46:38
52        android:name="android.permission.WRITE_EXTERNAL_STORAGE"
52-->src/main/AndroidManifest.xml:45:9-65
53        android:maxSdkVersion="28" />
53-->src/main/AndroidManifest.xml:46:9-35
54    <uses-permission
54-->src/main/AndroidManifest.xml:47:5-49:38
55        android:name="android.permission.READ_EXTERNAL_STORAGE"
55-->src/main/AndroidManifest.xml:48:9-64
56        android:maxSdkVersion="32" />
56-->src/main/AndroidManifest.xml:49:9-35
57
58    <permission
58-->[androidx.core:core:1.13.1] AndroidManifest.xml:22:5-24:47
59        android:name="com.callrecorder.DYNAMIC_RECEIVER_NOT_EXPORTED_PERMISSION"
59-->[androidx.core:core:1.13.1] AndroidManifest.xml:23:9-81
60        android:protectionLevel="signature" />
60-->[androidx.core:core:1.13.1] AndroidManifest.xml:24:9-44
61
62    <uses-permission android:name="com.callrecorder.DYNAMIC_RECEIVER_NOT_EXPORTED_PERMISSION" />
62-->[androidx.core:core:1.13.1] AndroidManifest.xml:26:5-97
62-->[androidx.core:core:1.13.1] AndroidManifest.xml:26:22-94
63
64    <application
64-->src/main/AndroidManifest.xml:51:5-193:19
65        android:name="com.callrecorder.App"
65-->src/main/AndroidManifest.xml:52:9-28
66        android:allowBackup="true"
66-->src/main/AndroidManifest.xml:53:9-35
67        android:appComponentFactory="androidx.core.app.CoreComponentFactory"
67-->[androidx.core:core:1.13.1] AndroidManifest.xml:28:18-86
68        android:extractNativeLibs="false"
69        android:icon="@mipmap/ic_launcher"
69-->src/main/AndroidManifest.xml:54:9-43
70        android:label="@string/app_name"
70-->src/main/AndroidManifest.xml:55:9-41
71        android:roundIcon="@mipmap/ic_launcher_round"
71-->src/main/AndroidManifest.xml:56:9-54
72        android:supportsRtl="true"
72-->src/main/AndroidManifest.xml:57:9-35
73        android:theme="@style/Theme.CallRecorder" >
73-->src/main/AndroidManifest.xml:58:9-50
74
75        <!-- ── Main Activity ──────────────────────────────────────────────── -->
76        <activity
76-->src/main/AndroidManifest.xml:61:9-69:20
77            android:name="com.callrecorder.ui.MainActivity"
77-->src/main/AndroidManifest.xml:62:13-44
78            android:exported="true"
78-->src/main/AndroidManifest.xml:63:13-36
79            android:windowSoftInputMode="adjustResize" >
79-->src/main/AndroidManifest.xml:64:13-55
80            <intent-filter>
80-->src/main/AndroidManifest.xml:65:13-68:29
81                <action android:name="android.intent.action.MAIN" />
81-->src/main/AndroidManifest.xml:66:17-69
81-->src/main/AndroidManifest.xml:66:25-66
82
83                <category android:name="android.intent.category.LAUNCHER" />
83-->src/main/AndroidManifest.xml:67:17-77
83-->src/main/AndroidManifest.xml:67:27-74
84            </intent-filter>
85        </activity>
86
87        <!--
88        ── Incoming Call Activity ─────────────────────────────────────────
89             Shown when this app is the default dialer and a call is ringing.
90             Displayed over the lock screen so the user can answer immediately.
91        ────────────────────────────────────────────────────────────────────
92        -->
93        <activity
93-->src/main/AndroidManifest.xml:75:9-81:51
94            android:name="com.callrecorder.ui.IncomingCallActivity"
94-->src/main/AndroidManifest.xml:76:13-52
95            android:excludeFromRecents="true"
95-->src/main/AndroidManifest.xml:78:13-46
96            android:exported="false"
96-->src/main/AndroidManifest.xml:77:13-37
97            android:launchMode="singleInstance"
97-->src/main/AndroidManifest.xml:81:13-48
98            android:showOnLockScreen="true"
98-->src/main/AndroidManifest.xml:79:13-44
99            android:turnScreenOn="true" />
99-->src/main/AndroidManifest.xml:80:13-40
100
101        <!--
102        ── In-Call Activity (ongoing call screen) ─────────────────────────
103             Shown after a call is answered when this app is the default dialer.
104             Provides Mute / Speaker / End Call controls.
105             Required when IN_CALL_SERVICE_UI = true so the user can hang up.
106        ────────────────────────────────────────────────────────────────────
107        -->
108        <activity
108-->src/main/AndroidManifest.xml:88:9-94:47
109            android:name="com.callrecorder.ui.InCallActivity"
109-->src/main/AndroidManifest.xml:89:13-46
110            android:excludeFromRecents="true"
110-->src/main/AndroidManifest.xml:91:13-46
111            android:exported="false"
111-->src/main/AndroidManifest.xml:90:13-37
112            android:launchMode="singleTask"
112-->src/main/AndroidManifest.xml:94:13-44
113            android:showOnLockScreen="true"
113-->src/main/AndroidManifest.xml:92:13-44
114            android:turnScreenOn="true" />
114-->src/main/AndroidManifest.xml:93:13-40
115
116        <!--
117        ── Dialer Activity ─────────────────────────────────────────────
118             Required for default dialer eligibility.
119             Handles outgoing call intents (DIAL/CALL) when we are default dialer.
120        ────────────────────────────────────────────────────────────────────
121        -->
122        <activity
122-->src/main/AndroidManifest.xml:100:9-131:20
123            android:name="com.callrecorder.ui.DialerActivity"
123-->src/main/AndroidManifest.xml:101:13-46
124            android:excludeFromRecents="true"
124-->src/main/AndroidManifest.xml:104:13-46
125            android:exported="true"
125-->src/main/AndroidManifest.xml:102:13-36
126            android:label="@string/app_name" >
126-->src/main/AndroidManifest.xml:103:13-45
127            <intent-filter>
127-->src/main/AndroidManifest.xml:106:13-111:29
128                <action android:name="android.intent.action.DIAL" />
128-->src/main/AndroidManifest.xml:107:17-69
128-->src/main/AndroidManifest.xml:107:25-66
129
130                <category android:name="android.intent.category.DEFAULT" />
130-->src/main/AndroidManifest.xml:108:17-76
130-->src/main/AndroidManifest.xml:108:27-73
131                <category android:name="android.intent.category.BROWSABLE" />
131-->src/main/AndroidManifest.xml:109:17-78
131-->src/main/AndroidManifest.xml:109:27-75
132
133                <data android:scheme="tel" />
133-->src/main/AndroidManifest.xml:110:17-46
133-->src/main/AndroidManifest.xml:110:23-43
134            </intent-filter>
135            <intent-filter>
135-->src/main/AndroidManifest.xml:113:13-116:29
136                <action android:name="android.intent.action.DIAL" />
136-->src/main/AndroidManifest.xml:107:17-69
136-->src/main/AndroidManifest.xml:107:25-66
137
138                <category android:name="android.intent.category.DEFAULT" />
138-->src/main/AndroidManifest.xml:108:17-76
138-->src/main/AndroidManifest.xml:108:27-73
139            </intent-filter>
140            <intent-filter>
140-->src/main/AndroidManifest.xml:118:13-123:29
141                <action android:name="android.intent.action.VIEW" />
141-->src/main/AndroidManifest.xml:119:17-69
141-->src/main/AndroidManifest.xml:119:25-66
142
143                <category android:name="android.intent.category.DEFAULT" />
143-->src/main/AndroidManifest.xml:108:17-76
143-->src/main/AndroidManifest.xml:108:27-73
144                <category android:name="android.intent.category.BROWSABLE" />
144-->src/main/AndroidManifest.xml:109:17-78
144-->src/main/AndroidManifest.xml:109:27-75
145
146                <data android:scheme="tel" />
146-->src/main/AndroidManifest.xml:110:17-46
146-->src/main/AndroidManifest.xml:110:23-43
147            </intent-filter>
148            <intent-filter>
148-->src/main/AndroidManifest.xml:125:13-129:29
149                <action android:name="android.intent.action.CALL_PRIVILEGED" />
149-->src/main/AndroidManifest.xml:126:17-80
149-->src/main/AndroidManifest.xml:126:25-77
150
151                <category android:name="android.intent.category.DEFAULT" />
151-->src/main/AndroidManifest.xml:108:17-76
151-->src/main/AndroidManifest.xml:108:27-73
152
153                <data android:scheme="tel" />
153-->src/main/AndroidManifest.xml:110:17-46
153-->src/main/AndroidManifest.xml:110:23-43
154            </intent-filter>
155        </activity>
156
157        <!-- ── Foreground Recording Service ──────────────────────────────── -->
158        <service
158-->src/main/AndroidManifest.xml:134:9-138:58
159            android:name="com.callrecorder.service.CallRecordingService"
159-->src/main/AndroidManifest.xml:135:13-57
160            android:enabled="true"
160-->src/main/AndroidManifest.xml:136:13-35
161            android:exported="false"
161-->src/main/AndroidManifest.xml:137:13-37
162            android:foregroundServiceType="microphone" />
162-->src/main/AndroidManifest.xml:138:13-55
163
164        <!--
165        ── InCallService ───────────────────────────────────────────────
166             IN_CALL_SERVICE_UI = false → we are a recording companion, NOT a
167             full phone app. The regular phone app handles all call UI.
168             The system binds to us for call events so we can record.
169
170             Works in two modes:
171             • Companion App (recommended): user grants CALL_COMPANION_APP
172               permission in Settings → no need to be default dialer.
173             • Default Dialer: user explicitly set this app as default dialer.
174               IncomingCallActivity handles the answer/decline screen.
175        ────────────────────────────────────────────────────────────────────
176        -->
177        <service
177-->src/main/AndroidManifest.xml:151:9-169:19
178            android:name="com.callrecorder.service.CallRecorderInCallService"
178-->src/main/AndroidManifest.xml:152:13-62
179            android:enabled="true"
179-->src/main/AndroidManifest.xml:153:13-35
180            android:exported="true"
180-->src/main/AndroidManifest.xml:154:13-36
181            android:permission="android.permission.BIND_INCALL_SERVICE" >
181-->src/main/AndroidManifest.xml:155:13-72
182
183            <!--
184                IN_CALL_SERVICE_UI = true:
185                  • Makes this app ELIGIBLE for "Default Phone App" in Android settings
186                    (without this, the option is greyed out / disabled).
187                  • When default dialer: our InCallActivity handles the ongoing-call screen.
188                  • When companion only: system phone app still shows its own UI (unchanged).
189            -->
190            <meta-data
190-->src/main/AndroidManifest.xml:163:13-165:40
191                android:name="android.telecom.IN_CALL_SERVICE_UI"
191-->src/main/AndroidManifest.xml:164:17-66
192                android:value="true" />
192-->src/main/AndroidManifest.xml:165:17-37
193
194            <intent-filter>
194-->src/main/AndroidManifest.xml:166:13-168:29
195                <action android:name="android.telecom.InCallService" />
195-->src/main/AndroidManifest.xml:167:17-72
195-->src/main/AndroidManifest.xml:167:25-69
196            </intent-filter>
197        </service>
198
199        <!-- ── Phone State Receiver (Layer 1 + 2) ────────────────────────── -->
200        <receiver
200-->src/main/AndroidManifest.xml:172:9-180:20
201            android:name="com.callrecorder.service.CallStateReceiver"
201-->src/main/AndroidManifest.xml:173:13-54
202            android:enabled="true"
202-->src/main/AndroidManifest.xml:174:13-35
203            android:exported="true" >
203-->src/main/AndroidManifest.xml:175:13-36
204            <intent-filter>
204-->src/main/AndroidManifest.xml:176:13-179:29
205                <action android:name="android.intent.action.PHONE_STATE" />
205-->src/main/AndroidManifest.xml:177:17-76
205-->src/main/AndroidManifest.xml:177:25-73
206                <action android:name="android.intent.action.NEW_OUTGOING_CALL" />
206-->src/main/AndroidManifest.xml:178:17-82
206-->src/main/AndroidManifest.xml:178:25-79
207            </intent-filter>
208        </receiver>
209
210        <!-- ── Boot Receiver ─────────────────────────────────────────────── -->
211        <receiver
211-->src/main/AndroidManifest.xml:183:9-191:20
212            android:name="com.callrecorder.service.BootReceiver"
212-->src/main/AndroidManifest.xml:184:13-49
213            android:enabled="true"
213-->src/main/AndroidManifest.xml:185:13-35
214            android:exported="true" >
214-->src/main/AndroidManifest.xml:186:13-36
215            <intent-filter>
215-->src/main/AndroidManifest.xml:187:13-190:29
216                <action android:name="android.intent.action.BOOT_COMPLETED" />
216-->src/main/AndroidManifest.xml:188:17-79
216-->src/main/AndroidManifest.xml:188:25-76
217                <action android:name="android.intent.action.QUICKBOOT_POWERON" />
217-->src/main/AndroidManifest.xml:189:17-82
217-->src/main/AndroidManifest.xml:189:25-79
218            </intent-filter>
219        </receiver>
220
221        <provider
221-->[androidx.emoji2:emoji2:1.3.0] AndroidManifest.xml:24:9-32:20
222            android:name="androidx.startup.InitializationProvider"
222-->[androidx.emoji2:emoji2:1.3.0] AndroidManifest.xml:25:13-67
223            android:authorities="com.callrecorder.androidx-startup"
223-->[androidx.emoji2:emoji2:1.3.0] AndroidManifest.xml:26:13-68
224            android:exported="false" >
224-->[androidx.emoji2:emoji2:1.3.0] AndroidManifest.xml:27:13-37
225            <meta-data
225-->[androidx.emoji2:emoji2:1.3.0] AndroidManifest.xml:29:13-31:52
226                android:name="androidx.emoji2.text.EmojiCompatInitializer"
226-->[androidx.emoji2:emoji2:1.3.0] AndroidManifest.xml:30:17-75
227                android:value="androidx.startup" />
227-->[androidx.emoji2:emoji2:1.3.0] AndroidManifest.xml:31:17-49
228            <meta-data
228-->[androidx.lifecycle:lifecycle-process:2.8.7] AndroidManifest.xml:29:13-31:52
229                android:name="androidx.lifecycle.ProcessLifecycleInitializer"
229-->[androidx.lifecycle:lifecycle-process:2.8.7] AndroidManifest.xml:30:17-78
230                android:value="androidx.startup" />
230-->[androidx.lifecycle:lifecycle-process:2.8.7] AndroidManifest.xml:31:17-49
231            <meta-data
231-->[androidx.profileinstaller:profileinstaller:1.3.1] AndroidManifest.xml:29:13-31:52
232                android:name="androidx.profileinstaller.ProfileInstallerInitializer"
232-->[androidx.profileinstaller:profileinstaller:1.3.1] AndroidManifest.xml:30:17-85
233                android:value="androidx.startup" />
233-->[androidx.profileinstaller:profileinstaller:1.3.1] AndroidManifest.xml:31:17-49
234        </provider>
235
236        <uses-library
236-->[androidx.window:window:1.0.0] AndroidManifest.xml:25:9-27:40
237            android:name="androidx.window.extensions"
237-->[androidx.window:window:1.0.0] AndroidManifest.xml:26:13-54
238            android:required="false" />
238-->[androidx.window:window:1.0.0] AndroidManifest.xml:27:13-37
239        <uses-library
239-->[androidx.window:window:1.0.0] AndroidManifest.xml:28:9-30:40
240            android:name="androidx.window.sidecar"
240-->[androidx.window:window:1.0.0] AndroidManifest.xml:29:13-51
241            android:required="false" />
241-->[androidx.window:window:1.0.0] AndroidManifest.xml:30:13-37
242
243        <service
243-->[androidx.room:room-runtime:2.6.1] AndroidManifest.xml:24:9-28:63
244            android:name="androidx.room.MultiInstanceInvalidationService"
244-->[androidx.room:room-runtime:2.6.1] AndroidManifest.xml:25:13-74
245            android:directBootAware="true"
245-->[androidx.room:room-runtime:2.6.1] AndroidManifest.xml:26:13-43
246            android:exported="false" />
246-->[androidx.room:room-runtime:2.6.1] AndroidManifest.xml:27:13-37
247
248        <receiver
248-->[androidx.profileinstaller:profileinstaller:1.3.1] AndroidManifest.xml:34:9-52:20
249            android:name="androidx.profileinstaller.ProfileInstallReceiver"
249-->[androidx.profileinstaller:profileinstaller:1.3.1] AndroidManifest.xml:35:13-76
250            android:directBootAware="false"
250-->[androidx.profileinstaller:profileinstaller:1.3.1] AndroidManifest.xml:36:13-44
251            android:enabled="true"
251-->[androidx.profileinstaller:profileinstaller:1.3.1] AndroidManifest.xml:37:13-35
252            android:exported="true"
252-->[androidx.profileinstaller:profileinstaller:1.3.1] AndroidManifest.xml:38:13-36
253            android:permission="android.permission.DUMP" >
253-->[androidx.profileinstaller:profileinstaller:1.3.1] AndroidManifest.xml:39:13-57
254            <intent-filter>
254-->[androidx.profileinstaller:profileinstaller:1.3.1] AndroidManifest.xml:40:13-42:29
255                <action android:name="androidx.profileinstaller.action.INSTALL_PROFILE" />
255-->[androidx.profileinstaller:profileinstaller:1.3.1] AndroidManifest.xml:41:17-91
255-->[androidx.profileinstaller:profileinstaller:1.3.1] AndroidManifest.xml:41:25-88
256            </intent-filter>
257            <intent-filter>
257-->[androidx.profileinstaller:profileinstaller:1.3.1] AndroidManifest.xml:43:13-45:29
258                <action android:name="androidx.profileinstaller.action.SKIP_FILE" />
258-->[androidx.profileinstaller:profileinstaller:1.3.1] AndroidManifest.xml:44:17-85
258-->[androidx.profileinstaller:profileinstaller:1.3.1] AndroidManifest.xml:44:25-82
259            </intent-filter>
260            <intent-filter>
260-->[androidx.profileinstaller:profileinstaller:1.3.1] AndroidManifest.xml:46:13-48:29
261                <action android:name="androidx.profileinstaller.action.SAVE_PROFILE" />
261-->[androidx.profileinstaller:profileinstaller:1.3.1] AndroidManifest.xml:47:17-88
261-->[androidx.profileinstaller:profileinstaller:1.3.1] AndroidManifest.xml:47:25-85
262            </intent-filter>
263            <intent-filter>
263-->[androidx.profileinstaller:profileinstaller:1.3.1] AndroidManifest.xml:49:13-51:29
264                <action android:name="androidx.profileinstaller.action.BENCHMARK_OPERATION" />
264-->[androidx.profileinstaller:profileinstaller:1.3.1] AndroidManifest.xml:50:17-95
264-->[androidx.profileinstaller:profileinstaller:1.3.1] AndroidManifest.xml:50:25-92
265            </intent-filter>
266        </receiver>
267    </application>
268
269</manifest>